[0.025s] Invoking command in '/home/siddhant/mrt_ws/build/custommsgsrv': CMAKE_PREFIX_PATH=${CMAKE_PREFIX_PATH}:/home/siddhant/mrt_ws/install/sauron:/home/siddhant/mrt_ws/install/arucoasmt:/opt/ros/humble /usr/bin/cmake --build /home/siddhant/mrt_ws/build/custommsgsrv -- -j4 -l4
[0.067s] -- Found ament_cmake: 1.3.10 (/opt/ros/humble/share/ament_cmake/cmake)
[0.273s] -- Found geometry_msgs: 4.2.4 (/opt/ros/humble/share/geometry_msgs/cmake)
[0.337s] -- Found rosidl_generator_c: 3.1.5 (/opt/ros/humble/share/rosidl_generator_c/cmake)
[0.340s] -- Found rosidl_adapter: 3.1.5 (/opt/ros/humble/share/rosidl_adapter/cmake)
[0.359s] -- Found rosidl_generator_cpp: 3.1.5 (/opt/ros/humble/share/rosidl_generator_cpp/cmake)
[0.381s] -- Using all available rosidl_typesupport_c: rosidl_typesupport_fastrtps_c;rosidl_typesupport_introspection_c
[0.403s] -- Using all available rosidl_typesupport_cpp: rosidl_typesupport_fastrtps_cpp;rosidl_typesupport_introspection_cpp
[0.468s] -- Found rosidl_default_generators: 1.2.0 (/opt/ros/humble/share/rosidl_default_generators/cmake)
[0.480s] -- Found sensor_msgs: 4.2.4 (/opt/ros/humble/share/sensor_msgs/cmake)
[0.799s] [31mCMake Error at /opt/ros/humble/share/rosidl_adapter/cmake/rosidl_adapt_interfaces.cmake:59 (message):
[0.799s]   execute_process(/usr/bin/python3 -m rosidl_adapter --package-name
[0.799s]   custommsgsrv --arguments-file
[0.799s]   /home/siddhant/mrt_ws/build/custommsgsrv/rosidl_adapter__arguments__custommsgsrv.json
[0.799s]   --output-dir
[0.799s]   /home/siddhant/mrt_ws/build/custommsgsrv/rosidl_adapter/custommsgsrv
[0.799s]   --output-file
[0.800s]   /home/siddhant/mrt_ws/build/custommsgsrv/rosidl_adapter/custommsgsrv.idls)
[0.800s]   returned error code 1:
[0.800s] 
[0.800s]   Error processing 'unbounded dynamic array corners' of
[0.800s]   'custommsgsrv/Imgservice_Response': ''unbounded' is an invalid message
[0.801s]   name.  It should have the pattern '^[A-Z][A-Za-z0-9]*$''
[0.801s] 
[0.801s]   Traceback (most recent call last):
[0.801s] 
[0.801s]     File "/usr/lib/python3.10/runpy.py", line 196, in _run_module_as_main
[0.801s]       return _run_code(code, main_globals, None,
[0.802s]     File "/usr/lib/python3.10/runpy.py", line 86, in _run_code
[0.802s]       exec(code, run_globals)
[0.802s]     File "/opt/ros/humble/local/lib/python3.10/dist-packages/rosidl_adapter/__main__.py", line 19, in <module>
[0.802s]       sys.exit(main())
[0.802s]     File "/opt/ros/humble/local/lib/python3.10/dist-packages/rosidl_adapter/main.py", line 53, in main
[0.802s]       abs_idl_file = convert_to_idl(
[0.803s]     File "/opt/ros/humble/local/lib/python3.10/dist-packages/rosidl_adapter/__init__.py", line 24, in convert_to_idl
[0.803s]       return convert_srv_to_idl(
[0.803s]     File "/opt/ros/humble/local/lib/python3.10/dist-packages/rosidl_adapter/srv/__init__.py", line 28, in convert_srv_to_idl
[0.803s]       srv = parse_service_string(package_name, input_file.stem, content)
[0.803s]     File "/opt/ros/humble/local/lib/python3.10/dist-packages/rosidl_adapter/parser.py", line 863, in parse_service_string
[0.803s]       response_message = parse_message_string(
[0.803s]     File "/opt/ros/humble/local/lib/python3.10/dist-packages/rosidl_adapter/parser.py", line 520, in parse_message_string
[0.804s]       Type(type_string, context_package_name=pkg_name),
[0.804s]     File "/opt/ros/humble/local/lib/python3.10/dist-packages/rosidl_adapter/parser.py", line 277, in __init__
[0.804s]       super(Type, self).__init__(
[0.804s]     File "/opt/ros/humble/local/lib/python3.10/dist-packages/rosidl_adapter/parser.py", line 205, in __init__
[0.804s]       raise InvalidResourceName(
[0.804s] 
[0.805s]   rosidl_adapter.parser.InvalidResourceName: 'unbounded' is an invalid
[0.805s]   message name.  It should have the pattern '^[A-Z][A-Za-z0-9]*$'
[0.805s] 
[0.805s] Call Stack (most recent call first):
[0.805s]   /opt/ros/humble/share/rosidl_cmake/cmake/rosidl_generate_interfaces.cmake:130 (rosidl_adapt_interfaces)
[0.805s]   CMakeLists.txt:13 (rosidl_generate_interfaces)
[0.805s] 
[0.805s] [0m
[0.806s] -- Configuring incomplete, errors occurred!
[0.806s] See also "/home/siddhant/mrt_ws/build/custommsgsrv/CMakeFiles/CMakeOutput.log".
[0.810s] gmake: *** [Makefile:1395: cmake_check_build_system] Error 1
[0.817s] Invoked command in '/home/siddhant/mrt_ws/build/custommsgsrv' returned '2': CMAKE_PREFIX_PATH=${CMAKE_PREFIX_PATH}:/home/siddhant/mrt_ws/install/sauron:/home/siddhant/mrt_ws/install/arucoasmt:/opt/ros/humble /usr/bin/cmake --build /home/siddhant/mrt_ws/build/custommsgsrv -- -j4 -l4
