[0.023s] Invoking command in '/home/siddhant/mrt_ws/build/custommsgsrv': /usr/bin/cmake --build /home/siddhant/mrt_ws/build/custommsgsrv -- -j4 -l4
[0.065s] -- Found ament_cmake: 1.3.10 (/opt/ros/humble/share/ament_cmake/cmake)
[0.258s] -- Found geometry_msgs: 4.2.4 (/opt/ros/humble/share/geometry_msgs/cmake)
[0.308s] -- Found rosidl_generator_c: 3.1.5 (/opt/ros/humble/share/rosidl_generator_c/cmake)
[0.313s] -- Found rosidl_adapter: 3.1.5 (/opt/ros/humble/share/rosidl_adapter/cmake)
[0.325s] -- Found rosidl_generator_cpp: 3.1.5 (/opt/ros/humble/share/rosidl_generator_cpp/cmake)
[0.346s] -- Using all available rosidl_typesupport_c: rosidl_typesupport_fastrtps_c;rosidl_typesupport_introspection_c
[0.367s] -- Using all available rosidl_typesupport_cpp: rosidl_typesupport_fastrtps_cpp;rosidl_typesupport_introspection_cpp
[0.412s] -- Found rosidl_default_generators: 1.2.0 (/opt/ros/humble/share/rosidl_default_generators/cmake)
[0.706s] Error parsing '/home/siddhant/mrt_ws/src/custommsgsrv/package.xml':
[0.766s] Traceback (most recent call last):
[0.766s]   File "/opt/ros/humble/share/ament_cmake_core/cmake/core/package_xml_2_cmake.py", line 150, in <module>
[0.766s]     main()
[0.766s]   File "/opt/ros/humble/share/ament_cmake_core/cmake/core/package_xml_2_cmake.py", line 53, in main
[0.766s]     raise e
[0.766s]   File "/opt/ros/humble/share/ament_cmake_core/cmake/core/package_xml_2_cmake.py", line 49, in main
[0.766s]     package = parse_package_string(
[0.766s]   File "/usr/lib/python3/dist-packages/catkin_pkg/package.py", line 786, in parse_package_string
[0.784s]     raise InvalidPackage('Error(s):%s' % (''.join(['\n- %s' % e for e in errors])), filename)
[0.785s] catkin_pkg.package.InvalidPackage: Error(s) in package '/home/siddhant/mrt_ws/src/custommsgsrv/package.xml':
[0.785s] Error(s):
[0.785s] - The generic dependency on 'sensor_msgs' is redundant with: exec_depend
[0.811s] [31mCMake Error at /opt/ros/humble/share/ament_cmake_core/cmake/core/ament_package_xml.cmake:95 (message):
[0.811s]   execute_process(/usr/bin/python3
[0.811s]   /opt/ros/humble/share/ament_cmake_core/cmake/core/package_xml_2_cmake.py
[0.811s]   /home/siddhant/mrt_ws/src/custommsgsrv/package.xml
[0.812s]   /home/siddhant/mrt_ws/build/custommsgsrv/ament_cmake_core/package.cmake)
[0.812s]   returned error code 1
[0.812s] Call Stack (most recent call first):
[0.812s]   /opt/ros/humble/share/ament_cmake_core/cmake/core/ament_package_xml.cmake:49 (_ament_package_xml)
[0.812s]   /opt/ros/humble/share/rosidl_cmake/cmake/rosidl_generate_interfaces.cmake:226 (ament_package_xml)
[0.812s]   CMakeLists.txt:13 (rosidl_generate_interfaces)
[0.812s] 
[0.813s] [0m
[0.813s] -- Configuring incomplete, errors occurred!
[0.813s] See also "/home/siddhant/mrt_ws/build/custommsgsrv/CMakeFiles/CMakeOutput.log".
[0.822s] gmake: *** [Makefile:1395: cmake_check_build_system] Error 1
[0.828s] Invoked command in '/home/siddhant/mrt_ws/build/custommsgsrv' returned '2': /usr/bin/cmake --build /home/siddhant/mrt_ws/build/custommsgsrv -- -j4 -l4
