[0.026s] Invoking command in '/home/siddhant/mrt_ws/build/custommsgsrv': CMAKE_PREFIX_PATH=${CMAKE_PREFIX_PATH}:/home/siddhant/mrt_ws/install/sauron:/home/siddhant/mrt_ws/install/arucoasmt:/opt/ros/humble /usr/bin/cmake --build /home/siddhant/mrt_ws/build/custommsgsrv -- -j4 -l4
[0.071s] -- Found ament_cmake: 1.3.10 (/opt/ros/humble/share/ament_cmake/cmake)
[0.306s] -- Found geometry_msgs: 4.2.4 (/opt/ros/humble/share/geometry_msgs/cmake)
[0.360s] -- Found rosidl_generator_c: 3.1.5 (/opt/ros/humble/share/rosidl_generator_c/cmake)
[0.364s] -- Found rosidl_adapter: 3.1.5 (/opt/ros/humble/share/rosidl_adapter/cmake)
[0.375s] -- Found rosidl_generator_cpp: 3.1.5 (/opt/ros/humble/share/rosidl_generator_cpp/cmake)
[0.391s] -- Using all available rosidl_typesupport_c: rosidl_typesupport_fastrtps_c;rosidl_typesupport_introspection_c
[0.412s] -- Using all available rosidl_typesupport_cpp: rosidl_typesupport_fastrtps_cpp;rosidl_typesupport_introspection_cpp
[0.473s] -- Found rosidl_default_generators: 1.2.0 (/opt/ros/humble/share/rosidl_default_generators/cmake)
[0.482s] -- Found sensor_msgs: 4.2.4 (/opt/ros/humble/share/sensor_msgs/cmake)
[0.793s] [31mCMake Error at /opt/ros/humble/share/rosidl_adapter/cmake/rosidl_adapt_interfaces.cmake:59 (message):
[0.793s]   execute_process(/usr/bin/python3 -m rosidl_adapter --package-name
[0.793s]   custommsgsrv --arguments-file
[0.793s]   /home/siddhant/mrt_ws/build/custommsgsrv/rosidl_adapter__arguments__custommsgsrv.json
[0.793s]   --output-dir
[0.793s]   /home/siddhant/mrt_ws/build/custommsgsrv/rosidl_adapter/custommsgsrv
[0.793s]   --output-file
[0.794s]   /home/siddhant/mrt_ws/build/custommsgsrv/rosidl_adapter/custommsgsrv.idls)
[0.794s]   returned error code 1:
[0.794s] 
[0.794s]   Error processing 'custommsgsrv/polygon[] corners' of
[0.794s]   'custommsgsrv/Imgservice_Response': ''polygon' is an invalid message name.
[0.794s]   It should have the pattern '^[A-Z][A-Za-z0-9]*$''
[0.794s] 
[0.794s]   Traceback (most recent call last):
[0.795s] 
[0.795s]     File "/usr/lib/python3.10/runpy.py", line 196, in _run_module_as_main
[0.795s]       return _run_code(code, main_globals, None,
[0.795s]     File "/usr/lib/python3.10/runpy.py", line 86, in _run_code
[0.795s]       exec(code, run_globals)
[0.795s]     File "/opt/ros/humble/local/lib/python3.10/dist-packages/rosidl_adapter/__main__.py", line 19, in <module>
[0.795s]       sys.exit(main())
[0.796s]     File "/opt/ros/humble/local/lib/python3.10/dist-packages/rosidl_adapter/main.py", line 53, in main
[0.796s]       abs_idl_file = convert_to_idl(
[0.796s]     File "/opt/ros/humble/local/lib/python3.10/dist-packages/rosidl_adapter/__init__.py", line 24, in convert_to_idl
[0.796s]       return convert_srv_to_idl(
[0.796s]     File "/opt/ros/humble/local/lib/python3.10/dist-packages/rosidl_adapter/srv/__init__.py", line 28, in convert_srv_to_idl
[0.796s]       srv = parse_service_string(package_name, input_file.stem, content)
[0.797s]     File "/opt/ros/humble/local/lib/python3.10/dist-packages/rosidl_adapter/parser.py", line 863, in parse_service_string
[0.797s]       response_message = parse_message_string(
[0.797s]     File "/opt/ros/humble/local/lib/python3.10/dist-packages/rosidl_adapter/parser.py", line 520, in parse_message_string
[0.797s]       Type(type_string, context_package_name=pkg_name),
[0.797s]     File "/opt/ros/humble/local/lib/python3.10/dist-packages/rosidl_adapter/parser.py", line 277, in __init__
[0.797s]       super(Type, self).__init__(
[0.798s]     File "/opt/ros/humble/local/lib/python3.10/dist-packages/rosidl_adapter/parser.py", line 205, in __init__
[0.798s]       raise InvalidResourceName(
[0.798s] 
[0.798s]   rosidl_adapter.parser.InvalidResourceName: 'polygon' is an invalid message
[0.798s]   name.  It should have the pattern '^[A-Z][A-Za-z0-9]*$'
[0.798s] 
[0.798s] Call Stack (most recent call first):
[0.799s]   /opt/ros/humble/share/rosidl_cmake/cmake/rosidl_generate_interfaces.cmake:130 (rosidl_adapt_interfaces)
[0.799s]   CMakeLists.txt:13 (rosidl_generate_interfaces)
[0.799s] 
[0.799s] [0m
[0.799s] -- Configuring incomplete, errors occurred!
[0.799s] See also "/home/siddhant/mrt_ws/build/custommsgsrv/CMakeFiles/CMakeOutput.log".
[0.803s] gmake: *** [Makefile:1611: cmake_check_build_system] Error 1
[0.807s] Invoked command in '/home/siddhant/mrt_ws/build/custommsgsrv' returned '2': CMAKE_PREFIX_PATH=${CMAKE_PREFIX_PATH}:/home/siddhant/mrt_ws/install/sauron:/home/siddhant/mrt_ws/install/arucoasmt:/opt/ros/humble /usr/bin/cmake --build /home/siddhant/mrt_ws/build/custommsgsrv -- -j4 -l4
