[0.027s] Invoking command in '/home/siddhant/mrt_ws/build/custommsgsrv': CMAKE_PREFIX_PATH=${CMAKE_PREFIX_PATH}:/home/siddhant/mrt_ws/install/sauron:/home/siddhant/mrt_ws/install/arucoasmt:/opt/ros/humble /usr/bin/cmake --build /home/siddhant/mrt_ws/build/custommsgsrv -- -j4 -l4
[0.076s] -- Found ament_cmake: 1.3.10 (/opt/ros/humble/share/ament_cmake/cmake)
[0.297s] -- Found geometry_msgs: 4.2.4 (/opt/ros/humble/share/geometry_msgs/cmake)
[0.344s] -- Found rosidl_generator_c: 3.1.5 (/opt/ros/humble/share/rosidl_generator_c/cmake)
[0.347s] -- Found rosidl_adapter: 3.1.5 (/opt/ros/humble/share/rosidl_adapter/cmake)
[0.359s] -- Found rosidl_generator_cpp: 3.1.5 (/opt/ros/humble/share/rosidl_generator_cpp/cmake)
[0.380s] -- Using all available rosidl_typesupport_c: rosidl_typesupport_fastrtps_c;rosidl_typesupport_introspection_c
[0.407s] -- Using all available rosidl_typesupport_cpp: rosidl_typesupport_fastrtps_cpp;rosidl_typesupport_introspection_cpp
[0.475s] -- Found rosidl_default_generators: 1.2.0 (/opt/ros/humble/share/rosidl_default_generators/cmake)
[0.483s] -- Found sensor_msgs: 4.2.4 (/opt/ros/humble/share/sensor_msgs/cmake)
[0.781s] [31mCMake Error at /opt/ros/humble/share/rosidl_adapter/cmake/rosidl_adapt_interfaces.cmake:59 (message):
[0.782s]   execute_process(/usr/bin/python3 -m rosidl_adapter --package-name
[0.782s]   custommsgsrv --arguments-file
[0.782s]   /home/siddhant/mrt_ws/build/custommsgsrv/rosidl_adapter__arguments__custommsgsrv.json
[0.782s]   --output-dir
[0.782s]   /home/siddhant/mrt_ws/build/custommsgsrv/rosidl_adapter/custommsgsrv
[0.782s]   --output-file
[0.783s]   /home/siddhant/mrt_ws/build/custommsgsrv/rosidl_adapter/custommsgsrv.idls)
[0.783s]   returned error code 1:
[0.783s] 
[0.783s]   Error processing 'float32[][] corners' of
[0.783s]   'custommsgsrv/Imgservice_Response': ''float32[]' is an invalid message
[0.783s]   name.  It should have the pattern '^[A-Z][A-Za-z0-9]*$''
[0.784s] 
[0.784s]   Traceback (most recent call last):
[0.784s] 
[0.784s]     File "/usr/lib/python3.10/runpy.py", line 196, in _run_module_as_main
[0.784s]       return _run_code(code, main_globals, None,
[0.784s]     File "/usr/lib/python3.10/runpy.py", line 86, in _run_code
[0.784s]       exec(code, run_globals)
[0.785s]     File "/opt/ros/humble/local/lib/python3.10/dist-packages/rosidl_adapter/__main__.py", line 19, in <module>
[0.785s]       sys.exit(main())
[0.785s]     File "/opt/ros/humble/local/lib/python3.10/dist-packages/rosidl_adapter/main.py", line 53, in main
[0.785s]       abs_idl_file = convert_to_idl(
[0.785s]     File "/opt/ros/humble/local/lib/python3.10/dist-packages/rosidl_adapter/__init__.py", line 24, in convert_to_idl
[0.785s]       return convert_srv_to_idl(
[0.785s]     File "/opt/ros/humble/local/lib/python3.10/dist-packages/rosidl_adapter/srv/__init__.py", line 28, in convert_srv_to_idl
[0.786s]       srv = parse_service_string(package_name, input_file.stem, content)
[0.786s]     File "/opt/ros/humble/local/lib/python3.10/dist-packages/rosidl_adapter/parser.py", line 863, in parse_service_string
[0.786s]       response_message = parse_message_string(
[0.786s]     File "/opt/ros/humble/local/lib/python3.10/dist-packages/rosidl_adapter/parser.py", line 520, in parse_message_string
[0.786s]       Type(type_string, context_package_name=pkg_name),
[0.786s]     File "/opt/ros/humble/local/lib/python3.10/dist-packages/rosidl_adapter/parser.py", line 277, in __init__
[0.787s]       super(Type, self).__init__(
[0.787s]     File "/opt/ros/humble/local/lib/python3.10/dist-packages/rosidl_adapter/parser.py", line 205, in __init__
[0.787s]       raise InvalidResourceName(
[0.787s] 
[0.787s]   rosidl_adapter.parser.InvalidResourceName: 'float32[]' is an invalid
[0.787s]   message name.  It should have the pattern '^[A-Z][A-Za-z0-9]*$'
[0.787s] 
[0.788s] Call Stack (most recent call first):
[0.788s]   /opt/ros/humble/share/rosidl_cmake/cmake/rosidl_generate_interfaces.cmake:130 (rosidl_adapt_interfaces)
[0.788s]   CMakeLists.txt:13 (rosidl_generate_interfaces)
[0.788s] 
[0.788s] [0m
[0.788s] -- Configuring incomplete, errors occurred!
[0.789s] See also "/home/siddhant/mrt_ws/build/custommsgsrv/CMakeFiles/CMakeOutput.log".
[0.793s] gmake: *** [Makefile:1827: cmake_check_build_system] Error 1
[0.798s] Invoked command in '/home/siddhant/mrt_ws/build/custommsgsrv' returned '2': CMAKE_PREFIX_PATH=${CMAKE_PREFIX_PATH}:/home/siddhant/mrt_ws/install/sauron:/home/siddhant/mrt_ws/install/arucoasmt:/opt/ros/humble /usr/bin/cmake --build /home/siddhant/mrt_ws/build/custommsgsrv -- -j4 -l4
