[0.028s] Invoking command in '/home/siddhant/mrt_ws/build/custommsgsrv': /usr/bin/cmake --build /home/siddhant/mrt_ws/build/custommsgsrv -- -j4 -l4
[0.077s] -- Found ament_cmake: 1.3.10 (/opt/ros/humble/share/ament_cmake/cmake)
[0.303s] -- Found geometry_msgs: 4.2.4 (/opt/ros/humble/share/geometry_msgs/cmake)
[0.367s] -- Found rosidl_generator_c: 3.1.5 (/opt/ros/humble/share/rosidl_generator_c/cmake)
[0.373s] -- Found rosidl_adapter: 3.1.5 (/opt/ros/humble/share/rosidl_adapter/cmake)
[0.384s] -- Found rosidl_generator_cpp: 3.1.5 (/opt/ros/humble/share/rosidl_generator_cpp/cmake)
[0.403s] -- Using all available rosidl_typesupport_c: rosidl_typesupport_fastrtps_c;rosidl_typesupport_introspection_c
[0.424s] -- Using all available rosidl_typesupport_cpp: rosidl_typesupport_fastrtps_cpp;rosidl_typesupport_introspection_cpp
[0.488s] -- Found rosidl_default_generators: 1.2.0 (/opt/ros/humble/share/rosidl_default_generators/cmake)
[0.499s] -- Found sensor_msgs: 4.2.4 (/opt/ros/humble/share/sensor_msgs/cmake)
[0.896s] Error parsing '/home/siddhant/mrt_ws/src/custommsgsrv/package.xml':
[0.970s] Traceback (most recent call last):
[0.970s]   File "/opt/ros/humble/share/ament_cmake_core/cmake/core/package_xml_2_cmake.py", line 150, in <module>
[0.970s]     main()
[0.970s]   File "/opt/ros/humble/share/ament_cmake_core/cmake/core/package_xml_2_cmake.py", line 53, in main
[0.970s]     raise e
[0.971s]   File "/opt/ros/humble/share/ament_cmake_core/cmake/core/package_xml_2_cmake.py", line 49, in main
[0.971s]     package = parse_package_string(
[0.971s]   File "/usr/lib/python3/dist-packages/catkin_pkg/package.py", line 788, in parse_package_string
[0.991s]     pkg.validate(warnings=warnings)
[0.991s]   File "/usr/lib/python3/dist-packages/catkin_pkg/package.py", line 330, in validate
[0.993s]     raise InvalidPackage('\n'.join(errors), self.filename)
[0.994s] catkin_pkg.package.InvalidPackage: Error(s) in package '/home/siddhant/mrt_ws/src/custommsgsrv/package.xml':
[0.994s] The package "custommsgsrv" must not "exec_depend" on a package with the same name as this package
[1.020s] [31mCMake Error at /opt/ros/humble/share/ament_cmake_core/cmake/core/ament_package_xml.cmake:95 (message):
[1.020s]   execute_process(/usr/bin/python3
[1.020s]   /opt/ros/humble/share/ament_cmake_core/cmake/core/package_xml_2_cmake.py
[1.020s]   /home/siddhant/mrt_ws/src/custommsgsrv/package.xml
[1.021s]   /home/siddhant/mrt_ws/build/custommsgsrv/ament_cmake_core/package.cmake)
[1.021s]   returned error code 1
[1.021s] Call Stack (most recent call first):
[1.021s]   /opt/ros/humble/share/ament_cmake_core/cmake/core/ament_package_xml.cmake:49 (_ament_package_xml)
[1.021s]   /opt/ros/humble/share/rosidl_cmake/cmake/rosidl_generate_interfaces.cmake:226 (ament_package_xml)
[1.021s]   CMakeLists.txt:13 (rosidl_generate_interfaces)
[1.022s] 
[1.022s] [0m
[1.022s] -- Configuring incomplete, errors occurred!
[1.022s] See also "/home/siddhant/mrt_ws/build/custommsgsrv/CMakeFiles/CMakeOutput.log".
[1.033s] gmake: *** [Makefile:1827: cmake_check_build_system] Error 1
[1.038s] Invoked command in '/home/siddhant/mrt_ws/build/custommsgsrv' returned '2': /usr/bin/cmake --build /home/siddhant/mrt_ws/build/custommsgsrv -- -j4 -l4
